<?xml version="1.0" encoding="UTF-8"?>
<testng-results ignored="0" total="1" passed="1" failed="0" skipped="0">
  <reporter-output>
  </reporter-output>
  <suite started-at="2023-10-20T11:05:05 IST" name="Default suite" finished-at="2023-10-20T11:07:03 IST" duration-ms="118511">
    <groups>
    </groups>
    <test started-at="2023-10-20T11:05:05 IST" name="Default test" finished-at="2023-10-20T11:07:03 IST" duration-ms="118511">
      <class name="com.flipkart.TC_AddtoCart_004">
        <test-method is-config="true" signature="setup()[pri:0, instance:com.flipkart.TC_AddtoCart_004@1349883]" started-at="2023-10-20T11:05:05 IST" name="setup" finished-at="2023-10-20T11:05:10 IST" duration-ms="5323" status="PASS">
          <reporter-output>
          </reporter-output>
        </test-method> <!-- setup -->
        <test-method signature="AddtoCart()[pri:0, instance:com.flipkart.TC_AddtoCart_004@1349883]" started-at="2023-10-20T11:05:10 IST" name="AddtoCart" finished-at="2023-10-20T11:07:02 IST" duration-ms="112101" status="PASS">
          <reporter-output>
          </reporter-output>
        </test-method> <!-- AddtoCart -->
        <test-method is-config="true" signature="teardown()[pri:0, instance:com.flipkart.TC_AddtoCart_004@1349883]" started-at="2023-10-20T11:07:02 IST" name="teardown" finished-at="2023-10-20T11:07:03 IST" duration-ms="993" status="PASS">
          <reporter-output>
          </reporter-output>
        </test-method> <!-- teardown -->
      </class> <!-- com.flipkart.TC_AddtoCart_004 -->
    </test> <!-- Default test -->
  </suite> <!-- Default suite -->
</testng-results>
